Determining if the pthread_create exist failed with the following output:
Change Dir: /home/ezra/catkin_ex/build/using_markers/CMakeFiles/CMakeTmp

Run Build Command:"/usr/bin/make" "cmTC_2ee7e/fast"
/usr/bin/make -f CMakeFiles/cmTC_2ee7e.dir/build.make CMakeFiles/cmTC_2ee7e.dir/build
make[1]: Entering directory '/home/ezra/catkin_ex/build/using_markers/CMakeFiles/CMakeTmp'
Building C object CMakeFiles/cmTC_2ee7e.dir/CheckSymbolExists.c.o
/usr/bin/cc     -o CMakeFiles/cmTC_2ee7e.dir/CheckSymbolExists.c.o   -c /home/ezra/catkin_ex/build/using_markers/CMakeFiles/CMakeTmp/CheckSymbolExists.c
Linking C executable cmTC_2ee7e
/usr/bin/cmake -E cmake_link_script CMakeFiles/cmTC_2ee7e.dir/link.txt --verbose=1
/usr/bin/cc       CMakeFiles/cmTC_2ee7e.dir/CheckSymbolExists.c.o  -o cmTC_2ee7e -rdynamic 
CMakeFiles/cmTC_2ee7e.dir/CheckSymbolExists.c.o: In function `main':
CheckSymbolExists.c:(.text+0x16): undefined reference to `pthread_create'
collect2: error: ld returned 1 exit status
CMakeFiles/cmTC_2ee7e.dir/build.make:97: recipe for target 'cmTC_2ee7e' failed
make[1]: *** [cmTC_2ee7e] Error 1
make[1]: Leaving directory '/home/ezra/catkin_ex/build/using_markers/CMakeFiles/CMakeTmp'
Makefile:126: recipe for target 'cmTC_2ee7e/fast' failed
make: *** [cmTC_2ee7e/fast] Error 2

File /home/ezra/catkin_ex/build/using_markers/CMakeFiles/CMakeTmp/CheckSymbolExists.c:
/* */
#include <pthread.h>

int main(int argc, char** argv)
{
  (void)argv;
#ifndef pthread_create
  return ((int*)(&pthread_create))[argc];
#else
  (void)argc;
  return 0;
#endif
}

Determining if the function pthread_create exists in the pthreads failed with the following output:
Change Dir: /home/ezra/catkin_ex/build/using_markers/CMakeFiles/CMakeTmp

Run Build Command:"/usr/bin/make" "cmTC_7a704/fast"
/usr/bin/make -f CMakeFiles/cmTC_7a704.dir/build.make CMakeFiles/cmTC_7a704.dir/build
make[1]: Entering directory '/home/ezra/catkin_ex/build/using_markers/CMakeFiles/CMakeTmp'
Building C object CMakeFiles/cmTC_7a704.dir/CheckFunctionExists.c.o
/usr/bin/cc    -DCHECK_FUNCTION_EXISTS=pthread_create   -o CMakeFiles/cmTC_7a704.dir/CheckFunctionExists.c.o   -c /usr/share/cmake-3.5/Modules/CheckFunctionExists.c
Linking C executable cmTC_7a704
/usr/bin/cmake -E cmake_link_script CMakeFiles/cmTC_7a704.dir/link.txt --verbose=1
/usr/bin/cc   -DCHECK_FUNCTION_EXISTS=pthread_create    CMakeFiles/cmTC_7a704.dir/CheckFunctionExists.c.o  -o cmTC_7a704 -rdynamic -lpthreads 
/usr/bin/ld: cannot find -lpthreads
collect2: error: ld returned 1 exit status
CMakeFiles/cmTC_7a704.dir/build.make:97: recipe for target 'cmTC_7a704' failed
make[1]: *** [cmTC_7a704] Error 1
make[1]: Leaving directory '/home/ezra/catkin_ex/build/using_markers/CMakeFiles/CMakeTmp'
Makefile:126: recipe for target 'cmTC_7a704/fast' failed
make: *** [cmTC_7a704/fast] Error 2


